<?xml version="1.0" encoding="UTF-8"?>
<testsuite name="mx.fourthsource.activitipoc.FourthsourceActivitipocApplicationTests" tests="0" skipped="0" failures="0" errors="0" timestamp="1970-01-01T00:00:00" hostname="jorgecue.local" time="0.0">
  <properties/>
  <system-out><![CDATA[14:56:06.083 [Test worker] INFO  o.s.b.t.c.SpringBootTestContextBootstrapper - Neither @ContextConfiguration nor @ContextHierarchy found for test class [mx.fourthsource.activitipoc.FourthsourceActivitipocApplicationTests], using SpringBootContextLoader
14:56:06.109 [Test worker] INFO  o.s.t.c.s.AbstractContextLoader - Could not detect default resource locations for test class [mx.fourthsource.activitipoc.FourthsourceActivitipocApplicationTests]: no resource found for suffixes {-context.xml, Context.groovy}.
14:56:06.112 [Test worker] INFO  o.s.t.c.s.AnnotationConfigContextLoaderUtils - Could not detect default configuration classes for test class [mx.fourthsource.activitipoc.FourthsourceActivitipocApplicationTests]: FourthsourceActivitipocApplicationTests does not declare any static, non-private, non-final, nested classes annotated with @Configuration.
14:56:06.545 [Test worker] INFO  o.s.b.t.c.SpringBootTestContextBootstrapper - Found @SpringBootConfiguration mx.fourthsource.activitipoc.FourthsourceActivitipocApplication for test class mx.fourthsource.activitipoc.FourthsourceActivitipocApplicationTests
14:56:06.560 [Test worker] INFO  o.s.b.t.c.SpringBootTestContextBootstrapper - Loaded default TestExecutionListener class names from location [META-INF/spring.factories]: [org.springframework.boot.test.mock.mockito.MockitoTestExecutionListener, org.springframework.boot.test.mock.mockito.ResetMocksTestExecutionListener, org.springframework.boot.test.autoconfigure.AutoConfigureReportTestExecutionListener, org.springframework.boot.test.autoconfigure.restdocs.RestDocsTestExecutionListener, org.springframework.boot.test.autoconfigure.web.client.MockRestServiceServerResetTestExecutionListener, org.springframework.test.context.web.ServletTestExecutionListener, org.springframework.test.context.support.DirtiesContextBeforeModesTestExecutionListener, org.springframework.test.context.support.DependencyInjectionTestExecutionListener, org.springframework.test.context.support.DirtiesContextTestExecutionListener, org.springframework.test.context.transaction.TransactionalTestExecutionListener, org.springframework.test.context.jdbc.SqlScriptsTestExecutionListener]
14:56:06.589 [Test worker] INFO  o.s.b.t.c.SpringBootTestContextBootstrapper - Using TestExecutionListeners: [org.springframework.test.context.web.ServletTestExecutionListener@7f755ee6, org.springframework.test.context.support.DirtiesContextBeforeModesTestExecutionListener@89390c, org.springframework.boot.test.autoconfigure.AutoConfigureReportTestExecutionListener@1ed022fa, org.springframework.test.context.support.DependencyInjectionTestExecutionListener@598ed634, org.springframework.test.context.support.DirtiesContextTestExecutionListener@c59318d, org.springframework.test.context.transaction.TransactionalTestExecutionListener@45512853, org.springframework.test.context.jdbc.SqlScriptsTestExecutionListener@5a8915f1, org.springframework.boot.test.autoconfigure.web.client.MockRestServiceServerResetTestExecutionListener@759957e2, org.springframework.boot.test.autoconfigure.restdocs.RestDocsTestExecutionListener@3089d585, org.springframework.boot.test.mock.mockito.MockitoTestExecutionListener@7c566077, org.springframework.boot.test.mock.mockito.ResetMocksTestExecutionListener@6e62d491]
]]></system-out>
  <system-err><![CDATA[]]></system-err>
</testsuite>
